# JRE version: Java(TM) SE Runtime Environment (8.0_121-b13) (build 1.8.0_121-b13)
# Java VM: Java HotSpot(TM) 64-Bit Server VM (25.121-b13 mixed mode linux-amd64 compressed oops)
Heap:
 PSYoungGen      total 1608704K, used 836356K [0x0000000715580000, 0x00000007a2700000, 0x00000007c0000000)
  eden space 1608192K, 52% used [0x0000000715580000,0x0000000748629110,0x0000000777800000)
  from space 512K, 18% used [0x00000007a2680000,0x00000007a2698000,0x00000007a2700000)
  to   space 512K, 0% used [0x00000007a2600000,0x00000007a2600000,0x00000007a2680000)
 ParOldGen       total 2796544K, used 764385K [0x00000005c0000000, 0x000000066ab00000, 0x0000000715580000)
  object space 2796544K, 27% used [0x00000005c0000000,0x00000005eea787c8,0x000000066ab00000)
 Metaspace       used 9607K, capacity 10118K, committed 10496K, reserved 1058816K
  class space    used 1435K, capacity 1457K, committed 1536K, reserved 1048576K
GC Heap History (10 events):
Event: 14299.111 GC heap before
{Heap before GC invocations=2196 (full 0):
 PSYoungGen      total 1885696K, used 1885248K [0x0000000715580000, 0x00000007a2700000, 0x00000007c0000000)
  eden space 1885184K, 100% used [0x0000000715580000,0x0000000788680000,0x0000000788680000)
  from space 512K, 12% used [0x00000007a2600000,0x00000007a2610000,0x00000007a2680000)
  to   space 512K, 0% used [0x00000007a2680000,0x00000007a2680000,0x00000007a2700000)
 ParOldGen       total 2796544K, used 764385K [0x00000005c0000000, 0x000000066ab00000, 0x0000000715580000)
  object space 2796544K, 27% used [0x00000005c0000000,0x00000005eea787c8,0x000000066ab00000)
 Metaspace       used 9606K, capacity 10118K, committed 10496K, reserved 1058816K
  class space    used 1435K, capacity 1457K, committed 1536K, reserved 1048576K
Event: 14299.115 GC heap after
Heap after GC invocations=2196 (full 0):
 PSYoungGen      total 1825280K, used 64K [0x0000000715580000, 0x00000007a2700000, 0x00000007c0000000)
  eden space 1824768K, 0% used [0x0000000715580000,0x0000000715580000,0x0000000784b80000)
  from space 512K, 12% used [0x00000007a2680000,0x00000007a2690000,0x00000007a2700000)
  to   space 512K, 0% used [0x00000007a2600000,0x00000007a2600000,0x00000007a2680000)
 ParOldGen       total 2796544K, used 764385K [0x00000005c0000000, 0x000000066ab00000, 0x0000000715580000)
  object space 2796544K, 27% used [0x00000005c0000000,0x00000005eea787c8,0x000000066ab00000)
 Metaspace       used 9606K, capacity 10118K, committed 10496K, reserved 1058816K
  class space    used 1435K, capacity 1457K, committed 1536K, reserved 1048576K
}
Event: 14303.737 GC heap before
{Heap before GC invocations=2197 (full 0):
 PSYoungGen      total 1825280K, used 1824832K [0x0000000715580000, 0x00000007a2700000, 0x00000007c0000000)
  eden space 1824768K, 100% used [0x0000000715580000,0x0000000784b80000,0x0000000784b80000)
  from space 512K, 12% used [0x00000007a2680000,0x00000007a2690000,0x00000007a2700000)
  to   space 512K, 0% used [0x00000007a2600000,0x00000007a2600000,0x00000007a2680000)
 ParOldGen       total 2796544K, used 764385K [0x00000005c0000000, 0x000000066ab00000, 0x0000000715580000)
  object space 2796544K, 27% used [0x00000005c0000000,0x00000005eea787c8,0x000000066ab00000)
 Metaspace       used 9606K, capacity 10118K, committed 10496K, reserved 1058816K
  class space    used 1435K, capacity 1457K, committed 1536K, reserved 1048576K
Event: 14303.741 GC heap after
Heap after GC invocations=2197 (full 0):
 PSYoungGen      total 1767424K, used 32K [0x0000000715580000, 0x00000007a2700000, 0x00000007c0000000)
  eden space 1766912K, 0% used [0x0000000715580000,0x0000000715580000,0x0000000781300000)
  from space 512K, 6% used [0x00000007a2600000,0x00000007a2608000,0x00000007a2680000)
  to   space 512K, 0% used [0x00000007a2680000,0x00000007a2680000,0x00000007a2700000)
 ParOldGen       total 2796544K, used 764385K [0x00000005c0000000, 0x000000066ab00000, 0x0000000715580000)
  object space 2796544K, 27% used [0x00000005c0000000,0x00000005eea787c8,0x000000066ab00000)
 Metaspace       used 9606K, capacity 10118K, committed 10496K, reserved 1058816K
  class space    used 1435K, capacity 1457K, committed 1536K, reserved 1048576K
}
Event: 14308.244 GC heap before
{Heap before GC invocations=2198 (full 0):
 PSYoungGen      total 1767424K, used 1766944K [0x0000000715580000, 0x00000007a2700000, 0x00000007c0000000)
  eden space 1766912K, 100% used [0x0000000715580000,0x0000000781300000,0x0000000781300000)
  from space 512K, 6% used [0x00000007a2600000,0x00000007a2608000,0x00000007a2680000)
  to   space 512K, 0% used [0x00000007a2680000,0x00000007a2680000,0x00000007a2700000)
 ParOldGen       total 2796544K, used 764385K [0x00000005c0000000, 0x000000066ab00000, 0x0000000715580000)
  object space 2796544K, 27% used [0x00000005c0000000,0x00000005eea787c8,0x000000066ab00000)
 Metaspace       used 9606K, capacity 10118K, committed 10496K, reserved 1058816K
  class space    used 1435K, capacity 1457K, committed 1536K, reserved 1048576K
Event: 14308.248 GC heap after
Heap after GC invocations=2198 (full 0):
 PSYoungGen      total 1712128K, used 32K [0x0000000715580000, 0x00000007a2700000, 0x00000007c0000000)
  eden space 1711616K, 0% used [0x0000000715580000,0x0000000715580000,0x000000077dd00000)
  from space 512K, 6% used [0x00000007a2680000,0x00000007a2688000,0x00000007a2700000)
  to   space 512K, 0% used [0x00000007a2600000,0x00000007a2600000,0x00000007a2680000)
 ParOldGen       total 2796544K, used 764385K [0x00000005c0000000, 0x000000066ab00000, 0x0000000715580000)
  object space 2796544K, 27% used [0x00000005c0000000,0x00000005eea787c8,0x000000066ab00000)
 Metaspace       used 9606K, capacity 10118K, committed 10496K, reserved 1058816K
  class space    used 1435K, capacity 1457K, committed 1536K, reserved 1048576K
}
Event: 14312.633 GC heap before
{Heap before GC invocations=2199 (full 0):
 PSYoungGen      total 1712128K, used 1711648K [0x0000000715580000, 0x00000007a2700000, 0x00000007c0000000)
  eden space 1711616K, 100% used [0x0000000715580000,0x000000077dd00000,0x000000077dd00000)
  from space 512K, 6% used [0x00000007a2680000,0x00000007a2688000,0x00000007a2700000)
  to   space 512K, 0% used [0x00000007a2600000,0x00000007a2600000,0x00000007a2680000)
 ParOldGen       total 2796544K, used 764385K [0x00000005c0000000, 0x000000066ab00000, 0x0000000715580000)
  object space 2796544K, 27% used [0x00000005c0000000,0x00000005eea787c8,0x000000066ab00000)
 Metaspace       used 9606K, capacity 10118K, committed 10496K, reserved 1058816K
  class space    used 1435K, capacity 1457K, committed 1536K, reserved 1048576K
Event: 14312.636 GC heap after
Heap after GC invocations=2199 (full 0):
 PSYoungGen      total 1659392K, used 64K [0x0000000715580000, 0x00000007a2700000, 0x00000007c0000000)
  eden space 1658880K, 0% used [0x0000000715580000,0x0000000715580000,0x000000077a980000)
  from space 512K, 12% used [0x00000007a2600000,0x00000007a2610000,0x00000007a2680000)
  to   space 512K, 0% used [0x00000007a2680000,0x00000007a2680000,0x00000007a2700000)
 ParOldGen       total 2796544K, used 764385K [0x00000005c0000000, 0x000000066ab00000, 0x0000000715580000)
  object space 2796544K, 27% used [0x00000005c0000000,0x00000005eea787c8,0x000000066ab00000)
 Metaspace       used 9606K, capacity 10118K, committed 10496K, reserved 1058816K
  class space    used 1435K, capacity 1457K, committed 1536K, reserved 1048576K
}
Event: 14316.913 GC heap before
{Heap before GC invocations=2200 (full 0):
 PSYoungGen      total 1659392K, used 1658944K [0x0000000715580000, 0x00000007a2700000, 0x00000007c0000000)
  eden space 1658880K, 100% used [0x0000000715580000,0x000000077a980000,0x000000077a980000)
  from space 512K, 12% used [0x00000007a2600000,0x00000007a2610000,0x00000007a2680000)
  to   space 512K, 0% used [0x00000007a2680000,0x00000007a2680000,0x00000007a2700000)
 ParOldGen       total 2796544K, used 764385K [0x00000005c0000000, 0x000000066ab00000, 0x0000000715580000)
  object space 2796544K, 27% used [0x00000005c0000000,0x00000005eea787c8,0x000000066ab00000)
 Metaspace       used 9606K, capacity 10118K, committed 10496K, reserved 1058816K
  class space    used 1435K, capacity 1457K, committed 1536K, reserved 1048576K
Event: 14316.916 GC heap after
Heap after GC invocations=2200 (full 0):
 PSYoungGen      total 1608704K, used 96K [0x0000000715580000, 0x00000007a2700000, 0x00000007c0000000)
  eden space 1608192K, 0% used [0x0000000715580000,0x0000000715580000,0x0000000777800000)
  from space 512K, 18% used [0x00000007a2680000,0x00000007a2698000,0x00000007a2700000)
  to   space 512K, 0% used [0x00000007a2600000,0x00000007a2600000,0x00000007a2680000)
 ParOldGen       total 2796544K, used 764385K [0x00000005c0000000, 0x000000066ab00000, 0x0000000715580000)
  object space 2796544K, 27% used [0x00000005c0000000,0x00000005eea787c8,0x000000066ab00000)
 Metaspace       used 9606K, capacity 10118K, committed 10496K, reserved 1058816K
  class space    used 1435K, capacity 1457K, committed 1536K, reserved 1048576K
}

